  [1m[35m (12.4ms)[0m  [1m[34mSELECT sqlite_version(*)[0m
  [1m[35m (10.7ms)[0m  [1m[35mCREATE TABLE "schema_migrations" ("version" varchar NOT NULL PRIMARY KEY)[0m
  [1m[35m (2.3ms)[0m  [1m[35mCREATE TABLE "ar_internal_metadata" ("key" varchar NOT NULL PRIMARY KEY, "value" varchar, "created_at" datetime(6) NOT NULL, "updated_at" datetime(6) NOT NULL)[0m
  [1m[35m (272.4ms)[0m  [1m[34mSELECT "schema_migrations"."version" FROM "schema_migrations" ORDER BY "schema_migrations"."version" ASC[0m
Migrating to CreateRooms (20210120173127)
  [1m[35m (249.4ms)[0m  [1m[36mbegin transaction[0m
  [1m[35m (1.3ms)[0m  [1m[35mCREATE TABLE "rooms" ("id" integer PRIMARY KEY AUTOINCREMENT NOT NULL, "name" varchar, "created_at" datetime(6) NOT NULL, "updated_at" datetime(6) NOT NULL)[0m
  [1m[36mprimary::SchemaMigration Create (0.5ms)[0m  [1m[32mINSERT INTO "schema_migrations" ("version") VALUES (?)[0m  [["version", "20210120173127"]]
  [1m[35m (2.2ms)[0m  [1m[36mcommit transaction[0m
Migrating to CreateItems (20210120173216)
  [1m[35m (0.1ms)[0m  [1m[36mbegin transaction[0m
  [1m[35m (7.8ms)[0m  [1m[35mCREATE TABLE "items" ("id" integer PRIMARY KEY AUTOINCREMENT NOT NULL, "name" varchar, "quantity" integer, "created_at" datetime(6) NOT NULL, "updated_at" datetime(6) NOT NULL)[0m
  [1m[36mprimary::SchemaMigration Create (0.4ms)[0m  [1m[32mINSERT INTO "schema_migrations" ("version") VALUES (?)[0m  [["version", "20210120173216"]]
  [1m[35m (1.2ms)[0m  [1m[36mcommit transaction[0m
  [1m[36mActiveRecord::InternalMetadata Load (4.9ms)[0m  [1m[34mSELECT "ar_internal_metadata".* FROM "ar_internal_metadata" WHERE "ar_internal_metadata"."key" = ? LIMIT ?[0m  [["key", "environment"], ["LIMIT", 1]]
  [1m[35m (0.1ms)[0m  [1m[36mbegin transaction[0m
  [1m[36mActiveRecord::InternalMetadata Create (1.0ms)[0m  [1m[32mINSERT INTO "ar_internal_metadata" ("key", "value", "created_at", "updated_at") VALUES (?, ?, ?, ?)[0m  [["key", "environment"], ["value", "development"], ["created_at", "2021-01-20 17:32:45.706936"], ["updated_at", "2021-01-20 17:32:45.706936"]]
  [1m[35m (1.8ms)[0m  [1m[36mcommit transaction[0m
  [1m[35m (0.1ms)[0m  [1m[34mSELECT sqlite_version(*)[0m
  [1m[35m (0.3ms)[0m  [1m[34mSELECT "schema_migrations"."version" FROM "schema_migrations" ORDER BY "schema_migrations"."version" ASC[0m
  [1m[35m (1.4ms)[0m  [1m[34mSELECT sqlite_version(*)[0m
  [1m[35m (0.4ms)[0m  [1m[34mSELECT "schema_migrations"."version" FROM "schema_migrations" ORDER BY "schema_migrations"."version" ASC[0m
  [1m[35m (0.3ms)[0m  [1m[34mSELECT sqlite_version(*)[0m
  [1m[36mRoom Load (0.4ms)[0m  [1m[34mSELECT "rooms".* FROM "rooms"[0m
  [1m[36mItem Load (5.2ms)[0m  [1m[34mSELECT "items".* FROM "items"[0m
  [1m[35m (0.3ms)[0m  [1m[36mbegin transaction[0m
  [1m[36mRoom Create (1.0ms)[0m  [1m[32mINSERT INTO "rooms" ("name", "created_at", "updated_at") VALUES (?, ?, ?)[0m  [["name", "Kitchen"], ["created_at", "2021-01-20 17:41:48.259171"], ["updated_at", "2021-01-20 17:41:48.259171"]]
  [1m[35m (1.9ms)[0m  [1m[36mcommit transaction[0m
  [1m[35m (0.1ms)[0m  [1m[36mbegin transaction[0m
  [1m[36mRoom Create (2.4ms)[0m  [1m[32mINSERT INTO "rooms" ("name", "created_at", "updated_at") VALUES (?, ?, ?)[0m  [["name", "Office"], ["created_at", "2021-01-20 17:41:48.279415"], ["updated_at", "2021-01-20 17:41:48.279415"]]
  [1m[35m (1.5ms)[0m  [1m[36mcommit transaction[0m
  [1m[35m (0.1ms)[0m  [1m[36mbegin transaction[0m
  [1m[36mRoom Create (0.7ms)[0m  [1m[32mINSERT INTO "rooms" ("name", "created_at", "updated_at") VALUES (?, ?, ?)[0m  [["name", "Bathroom"], ["created_at", "2021-01-20 17:41:48.298834"], ["updated_at", "2021-01-20 17:41:48.298834"]]
  [1m[35m (1.7ms)[0m  [1m[36mcommit transaction[0m
  [1m[35m (0.1ms)[0m  [1m[36mbegin transaction[0m
  [1m[36mRoom Create (0.6ms)[0m  [1m[32mINSERT INTO "rooms" ("name", "created_at", "updated_at") VALUES (?, ?, ?)[0m  [["name", "Bedroom"], ["created_at", "2021-01-20 17:41:48.319064"], ["updated_at", "2021-01-20 17:41:48.319064"]]
  [1m[35m (4.8ms)[0m  [1m[36mcommit transaction[0m
  [1m[35m (0.5ms)[0m  [1m[36mbegin transaction[0m
  [1m[36mRoom Create (1.0ms)[0m  [1m[32mINSERT INTO "rooms" ("name", "created_at", "updated_at") VALUES (?, ?, ?)[0m  [["name", "Living Room"], ["created_at", "2021-01-20 17:41:48.336156"], ["updated_at", "2021-01-20 17:41:48.336156"]]
  [1m[35m (1.6ms)[0m  [1m[36mcommit transaction[0m
  [1m[35m (4.9ms)[0m  [1m[36mbegin transaction[0m
  [1m[36mItem Create (0.9ms)[0m  [1m[32mINSERT INTO "items" ("name", "quantity", "created_at", "updated_at") VALUES (?, ?, ?, ?)[0m  [["name", "Pots"], ["quantity", 5], ["created_at", "2021-01-20 17:41:48.441763"], ["updated_at", "2021-01-20 17:41:48.441763"]]
  [1m[35m (1.5ms)[0m  [1m[36mcommit transaction[0m
  [1m[35m (0.3ms)[0m  [1m[36mbegin transaction[0m
  [1m[36mItem Create (0.8ms)[0m  [1m[32mINSERT INTO "items" ("name", "quantity", "created_at", "updated_at") VALUES (?, ?, ?, ?)[0m  [["name", "Spatula"], ["quantity", 1], ["created_at", "2021-01-20 17:41:48.466743"], ["updated_at", "2021-01-20 17:41:48.466743"]]
  [1m[35m (1.3ms)[0m  [1m[36mcommit transaction[0m
  [1m[35m (0.1ms)[0m  [1m[36mbegin transaction[0m
  [1m[36mItem Create (1.0ms)[0m  [1m[32mINSERT INTO "items" ("name", "quantity", "created_at", "updated_at") VALUES (?, ?, ?, ?)[0m  [["name", "Spoons"], ["quantity", 8], ["created_at", "2021-01-20 17:41:48.477631"], ["updated_at", "2021-01-20 17:41:48.477631"]]
  [1m[35m (1.4ms)[0m  [1m[36mcommit transaction[0m
  [1m[35m (0.2ms)[0m  [1m[36mbegin transaction[0m
  [1m[36mItem Create (1.4ms)[0m  [1m[32mINSERT INTO "items" ("name", "quantity", "created_at", "updated_at") VALUES (?, ?, ?, ?)[0m  [["name", "Forks"], ["quantity", 8], ["created_at", "2021-01-20 17:41:48.505075"], ["updated_at", "2021-01-20 17:41:48.505075"]]
  [1m[35m (1.4ms)[0m  [1m[36mcommit transaction[0m
  [1m[35m (0.1ms)[0m  [1m[36mbegin transaction[0m
  [1m[36mItem Create (0.7ms)[0m  [1m[32mINSERT INTO "items" ("name", "quantity", "created_at", "updated_at") VALUES (?, ?, ?, ?)[0m  [["name", "Knives"], ["quantity", 8], ["created_at", "2021-01-20 17:41:48.518479"], ["updated_at", "2021-01-20 17:41:48.518479"]]
  [1m[35m (4.6ms)[0m  [1m[36mcommit transaction[0m
  [1m[35m (0.2ms)[0m  [1m[36mbegin transaction[0m
  [1m[36mItem Create (0.7ms)[0m  [1m[32mINSERT INTO "items" ("name", "quantity", "created_at", "updated_at") VALUES (?, ?, ?, ?)[0m  [["name", "Books"], ["quantity", 10], ["created_at", "2021-01-20 17:41:48.536436"], ["updated_at", "2021-01-20 17:41:48.536436"]]
  [1m[35m (3.3ms)[0m  [1m[36mcommit transaction[0m
  [1m[35m (0.1ms)[0m  [1m[36mbegin transaction[0m
  [1m[36mItem Create (1.0ms)[0m  [1m[32mINSERT INTO "items" ("name", "quantity", "created_at", "updated_at") VALUES (?, ?, ?, ?)[0m  [["name", "Compuer"], ["quantity", 1], ["created_at", "2021-01-20 17:41:48.551584"], ["updated_at", "2021-01-20 17:41:48.551584"]]
  [1m[35m (2.4ms)[0m  [1m[36mcommit transaction[0m
  [1m[35m (0.2ms)[0m  [1m[36mbegin transaction[0m
  [1m[36mItem Create (0.8ms)[0m  [1m[32mINSERT INTO "items" ("name", "quantity", "created_at", "updated_at") VALUES (?, ?, ?, ?)[0m  [["name", "Soap Dispenser"], ["quantity", 1], ["created_at", "2021-01-20 17:41:48.565130"], ["updated_at", "2021-01-20 17:41:48.565130"]]
  [1m[35m (1.7ms)[0m  [1m[36mcommit transaction[0m
  [1m[35m (0.1ms)[0m  [1m[36mbegin transaction[0m
  [1m[36mItem Create (1.0ms)[0m  [1m[32mINSERT INTO "items" ("name", "quantity", "created_at", "updated_at") VALUES (?, ?, ?, ?)[0m  [["name", "Hand Towel"], ["quantity", 3], ["created_at", "2021-01-20 17:41:48.579059"], ["updated_at", "2021-01-20 17:41:48.579059"]]
  [1m[35m (2.2ms)[0m  [1m[36mcommit transaction[0m
  [1m[35m (0.1ms)[0m  [1m[36mbegin transaction[0m
  [1m[36mItem Create (1.7ms)[0m  [1m[32mINSERT INTO "items" ("name", "quantity", "created_at", "updated_at") VALUES (?, ?, ?, ?)[0m  [["name", "loofa"], ["quantity", 1], ["created_at", "2021-01-20 17:41:48.615477"], ["updated_at", "2021-01-20 17:41:48.615477"]]
  [1m[35m (1.0ms)[0m  [1m[36mcommit transaction[0m
  [1m[35m (0.1ms)[0m  [1m[36mbegin transaction[0m
  [1m[36mItem Create (2.0ms)[0m  [1m[32mINSERT INTO "items" ("name", "quantity", "created_at", "updated_at") VALUES (?, ?, ?, ?)[0m  [["name", "Sheets"], ["quantity", 2], ["created_at", "2021-01-20 17:41:48.627029"], ["updated_at", "2021-01-20 17:41:48.627029"]]
  [1m[35m (1.5ms)[0m  [1m[36mcommit transaction[0m
  [1m[35m (0.1ms)[0m  [1m[36mbegin transaction[0m
  [1m[36mItem Create (7.0ms)[0m  [1m[32mINSERT INTO "items" ("name", "quantity", "created_at", "updated_at") VALUES (?, ?, ?, ?)[0m  [["name", "Pillow"], ["quantity", 6], ["created_at", "2021-01-20 17:41:48.652617"], ["updated_at", "2021-01-20 17:41:48.652617"]]
  [1m[35m (1.4ms)[0m  [1m[36mcommit transaction[0m
  [1m[35m (0.1ms)[0m  [1m[36mbegin transaction[0m
  [1m[36mItem Create (1.1ms)[0m  [1m[32mINSERT INTO "items" ("name", "quantity", "created_at", "updated_at") VALUES (?, ?, ?, ?)[0m  [["name", "TV"], ["quantity", 1], ["created_at", "2021-01-20 17:41:48.679365"], ["updated_at", "2021-01-20 17:41:48.679365"]]
  [1m[35m (5.4ms)[0m  [1m[36mcommit transaction[0m
  [1m[35m (0.2ms)[0m  [1m[36mbegin transaction[0m
  [1m[36mItem Create (1.6ms)[0m  [1m[32mINSERT INTO "items" ("name", "quantity", "created_at", "updated_at") VALUES (?, ?, ?, ?)[0m  [["name", "Game Console"], ["quantity", 1], ["created_at", "2021-01-20 17:41:48.749321"], ["updated_at", "2021-01-20 17:41:48.749321"]]
  [1m[35m (1.6ms)[0m  [1m[36mcommit transaction[0m
  [1m[35m (1.2ms)[0m  [1m[34mSELECT sqlite_version(*)[0m
  [1m[36mRoom Load (3.7ms)[0m  [1m[34mSELECT "rooms".* FROM "rooms" LIMIT ?[0m  [["LIMIT", 11]]
  [1m[36mItem Load (0.4ms)[0m  [1m[34mSELECT "items".* FROM "items" LIMIT ?[0m  [["LIMIT", 11]]
  [1m[35m (0.8ms)[0m  [1m[34mSELECT sqlite_version(*)[0m
  [1m[35m (0.5ms)[0m  [1m[34mSELECT "schema_migrations"."version" FROM "schema_migrations" ORDER BY "schema_migrations"."version" ASC[0m
Migrating to CreateBoxes (20210120174309)
  [1m[35m (0.2ms)[0m  [1m[36mbegin transaction[0m
  [1m[35m (1.6ms)[0m  [1m[35mCREATE TABLE "boxes" ("id" integer PRIMARY KEY AUTOINCREMENT NOT NULL, "room_id" integer NOT NULL, "item_id" integer NOT NULL, "created_at" datetime(6) NOT NULL, "updated_at" datetime(6) NOT NULL, CONSTRAINT "fk_rails_d7ba44d4a0"
FOREIGN KEY ("room_id")
  REFERENCES "rooms" ("id")
, CONSTRAINT "fk_rails_e95fd14c9a"
FOREIGN KEY ("item_id")
  REFERENCES "items" ("id")
)[0m
  [1m[35m (0.7ms)[0m  [1m[35mCREATE  INDEX "index_boxes_on_room_id" ON "boxes" ("room_id")[0m
  [1m[35m (2.1ms)[0m  [1m[35mCREATE  INDEX "index_boxes_on_item_id" ON "boxes" ("item_id")[0m
  [1m[36mprimary::SchemaMigration Create (0.4ms)[0m  [1m[32mINSERT INTO "schema_migrations" ("version") VALUES (?)[0m  [["version", "20210120174309"]]
  [1m[35m (2.4ms)[0m  [1m[36mcommit transaction[0m
  [1m[36mActiveRecord::InternalMetadata Load (0.7ms)[0m  [1m[34mSELECT "ar_internal_metadata".* FROM "ar_internal_metadata" WHERE "ar_internal_metadata"."key" = ? LIMIT ?[0m  [["key", "environment"], ["LIMIT", 1]]
  [1m[35m (0.1ms)[0m  [1m[34mSELECT sqlite_version(*)[0m
  [1m[35m (0.2ms)[0m  [1m[34mSELECT "schema_migrations"."version" FROM "schema_migrations" ORDER BY "schema_migrations"."version" ASC[0m
  [1m[35m (0.8ms)[0m  [1m[34mSELECT sqlite_version(*)[0m
  [1m[35m (0.6ms)[0m  [1m[34mSELECT "schema_migrations"."version" FROM "schema_migrations" ORDER BY "schema_migrations"."version" ASC[0m
  [1m[35m (0.1ms)[0m  [1m[34mSELECT sqlite_version(*)[0m
  [1m[36mRoom Load (0.3ms)[0m  [1m[34mSELECT "rooms".* FROM "rooms"[0m
  [1m[35m (0.1ms)[0m  [1m[36mbegin transaction[0m
  [1m[36mRoom Destroy (3.1ms)[0m  [1m[31mDELETE FROM "rooms" WHERE "rooms"."id" = ?[0m  [["id", 1]]
  [1m[35m (1.6ms)[0m  [1m[36mcommit transaction[0m
  [1m[35m (0.1ms)[0m  [1m[36mbegin transaction[0m
  [1m[36mRoom Destroy (1.1ms)[0m  [1m[31mDELETE FROM "rooms" WHERE "rooms"."id" = ?[0m  [["id", 2]]
  [1m[35m (1.9ms)[0m  [1m[36mcommit transaction[0m
  [1m[35m (0.1ms)[0m  [1m[36mbegin transaction[0m
  [1m[36mRoom Destroy (1.0ms)[0m  [1m[31mDELETE FROM "rooms" WHERE "rooms"."id" = ?[0m  [["id", 3]]
  [1m[35m (1.9ms)[0m  [1m[36mcommit transaction[0m
  [1m[35m (0.1ms)[0m  [1m[36mbegin transaction[0m
  [1m[36mRoom Destroy (1.0ms)[0m  [1m[31mDELETE FROM "rooms" WHERE "rooms"."id" = ?[0m  [["id", 4]]
  [1m[35m (1.3ms)[0m  [1m[36mcommit transaction[0m
  [1m[35m (0.1ms)[0m  [1m[36mbegin transaction[0m
  [1m[36mRoom Destroy (2.4ms)[0m  [1m[31mDELETE FROM "rooms" WHERE "rooms"."id" = ?[0m  [["id", 5]]
  [1m[35m (1.2ms)[0m  [1m[36mcommit transaction[0m
  [1m[36mItem Load (0.5ms)[0m  [1m[34mSELECT "items".* FROM "items"[0m
  [1m[35m (0.1ms)[0m  [1m[36mbegin transaction[0m
  [1m[36mItem Destroy (0.9ms)[0m  [1m[31mDELETE FROM "items" WHERE "items"."id" = ?[0m  [["id", 1]]
  [1m[35m (1.8ms)[0m  [1m[36mcommit transaction[0m
  [1m[35m (0.1ms)[0m  [1m[36mbegin transaction[0m
  [1m[36mItem Destroy (0.9ms)[0m  [1m[31mDELETE FROM "items" WHERE "items"."id" = ?[0m  [["id", 2]]
  [1m[35m (1.1ms)[0m  [1m[36mcommit transaction[0m
  [1m[35m (0.1ms)[0m  [1m[36mbegin transaction[0m
  [1m[36mItem Destroy (2.1ms)[0m  [1m[31mDELETE FROM "items" WHERE "items"."id" = ?[0m  [["id", 3]]
  [1m[35m (1.2ms)[0m  [1m[36mcommit transaction[0m
  [1m[35m (0.1ms)[0m  [1m[36mbegin transaction[0m
  [1m[36mItem Destroy (0.9ms)[0m  [1m[31mDELETE FROM "items" WHERE "items"."id" = ?[0m  [["id", 4]]
  [1m[35m (2.4ms)[0m  [1m[36mcommit transaction[0m
  [1m[35m (0.1ms)[0m  [1m[36mbegin transaction[0m
  [1m[36mItem Destroy (0.5ms)[0m  [1m[31mDELETE FROM "items" WHERE "items"."id" = ?[0m  [["id", 5]]
  [1m[35m (1.9ms)[0m  [1m[36mcommit transaction[0m
  [1m[35m (0.1ms)[0m  [1m[36mbegin transaction[0m
  [1m[36mItem Destroy (0.5ms)[0m  [1m[31mDELETE FROM "items" WHERE "items"."id" = ?[0m  [["id", 6]]
  [1m[35m (3.8ms)[0m  [1m[36mcommit transaction[0m
  [1m[35m (0.1ms)[0m  [1m[36mbegin transaction[0m
  [1m[36mItem Destroy (3.6ms)[0m  [1m[31mDELETE FROM "items" WHERE "items"."id" = ?[0m  [["id", 7]]
  [1m[35m (1.1ms)[0m  [1m[36mcommit transaction[0m
  [1m[35m (0.1ms)[0m  [1m[36mbegin transaction[0m
  [1m[36mItem Destroy (0.6ms)[0m  [1m[31mDELETE FROM "items" WHERE "items"."id" = ?[0m  [["id", 8]]
  [1m[35m (1.1ms)[0m  [1m[36mcommit transaction[0m
  [1m[35m (0.1ms)[0m  [1m[36mbegin transaction[0m
  [1m[36mItem Destroy (1.1ms)[0m  [1m[31mDELETE FROM "items" WHERE "items"."id" = ?[0m  [["id", 9]]
  [1m[35m (1.6ms)[0m  [1m[36mcommit transaction[0m
  [1m[35m (0.1ms)[0m  [1m[36mbegin transaction[0m
  [1m[36mItem Destroy (0.5ms)[0m  [1m[31mDELETE FROM "items" WHERE "items"."id" = ?[0m  [["id", 10]]
  [1m[35m (1.4ms)[0m  [1m[36mcommit transaction[0m
  [1m[35m (0.1ms)[0m  [1m[36mbegin transaction[0m
  [1m[36mItem Destroy (7.7ms)[0m  [1m[31mDELETE FROM "items" WHERE "items"."id" = ?[0m  [["id", 11]]
  [1m[35m (1.3ms)[0m  [1m[36mcommit transaction[0m
  [1m[35m (0.3ms)[0m  [1m[36mbegin transaction[0m
  [1m[36mItem Destroy (1.0ms)[0m  [1m[31mDELETE FROM "items" WHERE "items"."id" = ?[0m  [["id", 12]]
  [1m[35m (1.3ms)[0m  [1m[36mcommit transaction[0m
  [1m[35m (0.1ms)[0m  [1m[36mbegin transaction[0m
  [1m[36mItem Destroy (0.5ms)[0m  [1m[31mDELETE FROM "items" WHERE "items"."id" = ?[0m  [["id", 13]]
  [1m[35m (4.1ms)[0m  [1m[36mcommit transaction[0m
  [1m[35m (0.1ms)[0m  [1m[36mbegin transaction[0m
  [1m[36mItem Destroy (0.6ms)[0m  [1m[31mDELETE FROM "items" WHERE "items"."id" = ?[0m  [["id", 14]]
  [1m[35m (1.2ms)[0m  [1m[36mcommit transaction[0m
  [1m[36mBox Load (0.8ms)[0m  [1m[34mSELECT "boxes".* FROM "boxes"[0m
  [1m[35m (0.1ms)[0m  [1m[36mbegin transaction[0m
  [1m[36mRoom Create (0.8ms)[0m  [1m[32mINSERT INTO "rooms" ("name", "created_at", "updated_at") VALUES (?, ?, ?)[0m  [["name", "Kitchen"], ["created_at", "2021-01-20 17:55:46.429146"], ["updated_at", "2021-01-20 17:55:46.429146"]]
  [1m[35m (1.4ms)[0m  [1m[36mcommit transaction[0m
  [1m[35m (0.1ms)[0m  [1m[36mbegin transaction[0m
  [1m[36mRoom Create (1.1ms)[0m  [1m[32mINSERT INTO "rooms" ("name", "created_at", "updated_at") VALUES (?, ?, ?)[0m  [["name", "Office"], ["created_at", "2021-01-20 17:55:46.439756"], ["updated_at", "2021-01-20 17:55:46.439756"]]
  [1m[35m (1.6ms)[0m  [1m[36mcommit transaction[0m
  [1m[35m (0.1ms)[0m  [1m[36mbegin transaction[0m
  [1m[36mRoom Create (0.8ms)[0m  [1m[32mINSERT INTO "rooms" ("name", "created_at", "updated_at") VALUES (?, ?, ?)[0m  [["name", "Bathroom"], ["created_at", "2021-01-20 17:55:46.450665"], ["updated_at", "2021-01-20 17:55:46.450665"]]
  [1m[35m (1.5ms)[0m  [1m[36mcommit transaction[0m
  [1m[35m (0.1ms)[0m  [1m[36mbegin transaction[0m
  [1m[36mRoom Create (0.9ms)[0m  [1m[32mINSERT INTO "rooms" ("name", "created_at", "updated_at") VALUES (?, ?, ?)[0m  [["name", "Bedroom"], ["created_at", "2021-01-20 17:55:46.461468"], ["updated_at", "2021-01-20 17:55:46.461468"]]
  [1m[35m (1.3ms)[0m  [1m[36mcommit transaction[0m
  [1m[35m (0.1ms)[0m  [1m[36mbegin transaction[0m
  [1m[36mRoom Create (1.4ms)[0m  [1m[32mINSERT INTO "rooms" ("name", "created_at", "updated_at") VALUES (?, ?, ?)[0m  [["name", "Living Room"], ["created_at", "2021-01-20 17:55:46.472987"], ["updated_at", "2021-01-20 17:55:46.472987"]]
  [1m[35m (1.5ms)[0m  [1m[36mcommit transaction[0m
  [1m[35m (0.1ms)[0m  [1m[36mbegin transaction[0m
  [1m[36mItem Create (0.7ms)[0m  [1m[32mINSERT INTO "items" ("name", "quantity", "created_at", "updated_at") VALUES (?, ?, ?, ?)[0m  [["name", "Pots"], ["quantity", 5], ["created_at", "2021-01-20 17:55:46.486056"], ["updated_at", "2021-01-20 17:55:46.486056"]]
  [1m[35m (1.6ms)[0m  [1m[36mcommit transaction[0m
  [1m[35m (0.1ms)[0m  [1m[36mbegin transaction[0m
  [1m[36mItem Create (1.1ms)[0m  [1m[32mINSERT INTO "items" ("name", "quantity", "created_at", "updated_at") VALUES (?, ?, ?, ?)[0m  [["name", "Spatula"], ["quantity", 1], ["created_at", "2021-01-20 17:55:46.497935"], ["updated_at", "2021-01-20 17:55:46.497935"]]
  [1m[35m (1.4ms)[0m  [1m[36mcommit transaction[0m
  [1m[35m (0.1ms)[0m  [1m[36mbegin transaction[0m
  [1m[36mItem Create (1.1ms)[0m  [1m[32mINSERT INTO "items" ("name", "quantity", "created_at", "updated_at") VALUES (?, ?, ?, ?)[0m  [["name", "Spoons"], ["quantity", 8], ["created_at", "2021-01-20 17:55:46.509239"], ["updated_at", "2021-01-20 17:55:46.509239"]]
  [1m[35m (1.7ms)[0m  [1m[36mcommit transaction[0m
  [1m[35m (0.1ms)[0m  [1m[36mbegin transaction[0m
  [1m[36mItem Create (0.9ms)[0m  [1m[32mINSERT INTO "items" ("name", "quantity", "created_at", "updated_at") VALUES (?, ?, ?, ?)[0m  [["name", "Forks"], ["quantity", 8], ["created_at", "2021-01-20 17:55:46.525761"], ["updated_at", "2021-01-20 17:55:46.525761"]]
  [1m[35m (1.4ms)[0m  [1m[36mcommit transaction[0m
  [1m[35m (0.1ms)[0m  [1m[36mbegin transaction[0m
  [1m[36mItem Create (1.0ms)[0m  [1m[32mINSERT INTO "items" ("name", "quantity", "created_at", "updated_at") VALUES (?, ?, ?, ?)[0m  [["name", "Knives"], ["quantity", 8], ["created_at", "2021-01-20 17:55:46.537574"], ["updated_at", "2021-01-20 17:55:46.537574"]]
  [1m[35m (2.2ms)[0m  [1m[36mcommit transaction[0m
  [1m[35m (0.1ms)[0m  [1m[36mbegin transaction[0m
  [1m[36mItem Create (0.9ms)[0m  [1m[32mINSERT INTO "items" ("name", "quantity", "created_at", "updated_at") VALUES (?, ?, ?, ?)[0m  [["name", "Books"], ["quantity", 10], ["created_at", "2021-01-20 17:55:46.550924"], ["updated_at", "2021-01-20 17:55:46.550924"]]
  [1m[35m (3.0ms)[0m  [1m[36mcommit transaction[0m
  [1m[35m (0.1ms)[0m  [1m[36mbegin transaction[0m
  [1m[36mItem Create (1.0ms)[0m  [1m[32mINSERT INTO "items" ("name", "quantity", "created_at", "updated_at") VALUES (?, ?, ?, ?)[0m  [["name", "Compuer"], ["quantity", 1], ["created_at", "2021-01-20 17:55:46.565384"], ["updated_at", "2021-01-20 17:55:46.565384"]]
  [1m[35m (1.7ms)[0m  [1m[36mcommit transaction[0m
  [1m[35m (0.1ms)[0m  [1m[36mbegin transaction[0m
  [1m[36mItem Create (0.9ms)[0m  [1m[32mINSERT INTO "items" ("name", "quantity", "created_at", "updated_at") VALUES (?, ?, ?, ?)[0m  [["name", "Soap Dispenser"], ["quantity", 1], ["created_at", "2021-01-20 17:55:46.587153"], ["updated_at", "2021-01-20 17:55:46.587153"]]
  [1m[35m (1.6ms)[0m  [1m[36mcommit transaction[0m
  [1m[35m (0.1ms)[0m  [1m[36mbegin transaction[0m
  [1m[36mItem Create (0.6ms)[0m  [1m[32mINSERT INTO "items" ("name", "quantity", "created_at", "updated_at") VALUES (?, ?, ?, ?)[0m  [["name", "Hand Towel"], ["quantity", 3], ["created_at", "2021-01-20 17:55:46.601862"], ["updated_at", "2021-01-20 17:55:46.601862"]]
  [1m[35m (2.2ms)[0m  [1m[36mcommit transaction[0m
  [1m[35m (0.1ms)[0m  [1m[36mbegin transaction[0m
  [1m[36mItem Create (1.0ms)[0m  [1m[32mINSERT INTO "items" ("name", "quantity", "created_at", "updated_at") VALUES (?, ?, ?, ?)[0m  [["name", "loofa"], ["quantity", 1], ["created_at", "2021-01-20 17:55:46.615850"], ["updated_at", "2021-01-20 17:55:46.615850"]]
  [1m[35m (1.1ms)[0m  [1m[36mcommit transaction[0m
  [1m[35m (0.1ms)[0m  [1m[36mbegin transaction[0m
  [1m[36mItem Create (1.0ms)[0m  [1m[32mINSERT INTO "items" ("name", "quantity", "created_at", "updated_at") VALUES (?, ?, ?, ?)[0m  [["name", "Sheets"], ["quantity", 2], ["created_at", "2021-01-20 17:55:46.666572"], ["updated_at", "2021-01-20 17:55:46.666572"]]
  [1m[35m (1.9ms)[0m  [1m[36mcommit transaction[0m
  [1m[35m (0.1ms)[0m  [1m[36mbegin transaction[0m
  [1m[36mItem Create (0.6ms)[0m  [1m[32mINSERT INTO "items" ("name", "quantity", "created_at", "updated_at") VALUES (?, ?, ?, ?)[0m  [["name", "Pillow"], ["quantity", 6], ["created_at", "2021-01-20 17:55:46.686434"], ["updated_at", "2021-01-20 17:55:46.686434"]]
  [1m[35m (1.4ms)[0m  [1m[36mcommit transaction[0m
  [1m[35m (0.1ms)[0m  [1m[36mbegin transaction[0m
  [1m[36mItem Create (0.7ms)[0m  [1m[32mINSERT INTO "items" ("name", "quantity", "created_at", "updated_at") VALUES (?, ?, ?, ?)[0m  [["name", "TV"], ["quantity", 1], ["created_at", "2021-01-20 17:55:46.697647"], ["updated_at", "2021-01-20 17:55:46.697647"]]
  [1m[35m (1.4ms)[0m  [1m[36mcommit transaction[0m
  [1m[35m (0.1ms)[0m  [1m[36mbegin transaction[0m
  [1m[36mItem Create (0.6ms)[0m  [1m[32mINSERT INTO "items" ("name", "quantity", "created_at", "updated_at") VALUES (?, ?, ?, ?)[0m  [["name", "Game Console"], ["quantity", 1], ["created_at", "2021-01-20 17:55:46.710243"], ["updated_at", "2021-01-20 17:55:46.710243"]]
  [1m[35m (1.3ms)[0m  [1m[36mcommit transaction[0m
  [1m[35m (0.3ms)[0m  [1m[36mbegin transaction[0m
  [1m[36mBox Create (1.2ms)[0m  [1m[32mINSERT INTO "boxes" ("room_id", "item_id", "created_at", "updated_at") VALUES (?, ?, ?, ?)[0m  [["room_id", 6], ["item_id", 15], ["created_at", "2021-01-20 17:55:46.790590"], ["updated_at", "2021-01-20 17:55:46.790590"]]
  [1m[35m (1.8ms)[0m  [1m[36mcommit transaction[0m
  [1m[35m (0.1ms)[0m  [1m[36mbegin transaction[0m
  [1m[36mBox Create (1.0ms)[0m  [1m[32mINSERT INTO "boxes" ("room_id", "item_id", "created_at", "updated_at") VALUES (?, ?, ?, ?)[0m  [["room_id", 6], ["item_id", 16], ["created_at", "2021-01-20 17:55:46.804251"], ["updated_at", "2021-01-20 17:55:46.804251"]]
  [1m[35m (1.5ms)[0m  [1m[36mcommit transaction[0m
  [1m[35m (0.2ms)[0m  [1m[36mbegin transaction[0m
  [1m[36mBox Create (0.6ms)[0m  [1m[32mINSERT INTO "boxes" ("room_id", "item_id", "created_at", "updated_at") VALUES (?, ?, ?, ?)[0m  [["room_id", 6], ["item_id", 17], ["created_at", "2021-01-20 17:55:46.816775"], ["updated_at", "2021-01-20 17:55:46.816775"]]
  [1m[35m (1.6ms)[0m  [1m[36mcommit transaction[0m
  [1m[35m (0.2ms)[0m  [1m[36mbegin transaction[0m
  [1m[36mBox Create (2.8ms)[0m  [1m[32mINSERT INTO "boxes" ("room_id", "item_id", "created_at", "updated_at") VALUES (?, ?, ?, ?)[0m  [["room_id", 6], ["item_id", 18], ["created_at", "2021-01-20 17:55:46.830238"], ["updated_at", "2021-01-20 17:55:46.830238"]]
  [1m[35m (1.3ms)[0m  [1m[36mcommit transaction[0m
  [1m[35m (0.2ms)[0m  [1m[36mbegin transaction[0m
  [1m[36mBox Create (1.1ms)[0m  [1m[32mINSERT INTO "boxes" ("room_id", "item_id", "created_at", "updated_at") VALUES (?, ?, ?, ?)[0m  [["room_id", 6], ["item_id", 19], ["created_at", "2021-01-20 17:55:46.855748"], ["updated_at", "2021-01-20 17:55:46.855748"]]
  [1m[35m (1.9ms)[0m  [1m[36mcommit transaction[0m
  [1m[35m (0.1ms)[0m  [1m[36mbegin transaction[0m
  [1m[36mBox Create (4.4ms)[0m  [1m[32mINSERT INTO "boxes" ("room_id", "item_id", "created_at", "updated_at") VALUES (?, ?, ?, ?)[0m  [["room_id", 7], ["item_id", 20], ["created_at", "2021-01-20 17:55:46.872399"], ["updated_at", "2021-01-20 17:55:46.872399"]]
  [1m[35m (1.5ms)[0m  [1m[36mcommit transaction[0m
  [1m[35m (0.1ms)[0m  [1m[36mbegin transaction[0m
  [1m[36mBox Create (0.7ms)[0m  [1m[32mINSERT INTO "boxes" ("room_id", "item_id", "created_at", "updated_at") VALUES (?, ?, ?, ?)[0m  [["room_id", 7], ["item_id", 21], ["created_at", "2021-01-20 17:55:46.886117"], ["updated_at", "2021-01-20 17:55:46.886117"]]
  [1m[35m (2.5ms)[0m  [1m[36mcommit transaction[0m
  [1m[35m (0.1ms)[0m  [1m[36mbegin transaction[0m
  [1m[36mBox Create (0.9ms)[0m  [1m[32mINSERT INTO "boxes" ("room_id", "item_id", "created_at", "updated_at") VALUES (?, ?, ?, ?)[0m  [["room_id", 8], ["item_id", 22], ["created_at", "2021-01-20 17:55:46.901717"], ["updated_at", "2021-01-20 17:55:46.901717"]]
  [1m[35m (1.9ms)[0m  [1m[36mcommit transaction[0m
  [1m[35m (0.1ms)[0m  [1m[36mbegin transaction[0m
  [1m[36mBox Create (0.9ms)[0m  [1m[32mINSERT INTO "boxes" ("room_id", "item_id", "created_at", "updated_at") VALUES (?, ?, ?, ?)[0m  [["room_id", 8], ["item_id", 23], ["created_at", "2021-01-20 17:55:46.912727"], ["updated_at", "2021-01-20 17:55:46.912727"]]
  [1m[35m (1.3ms)[0m  [1m[36mcommit transaction[0m
  [1m[35m (0.1ms)[0m  [1m[36mbegin transaction[0m
  [1m[36mBox Create (0.8ms)[0m  [1m[32mINSERT INTO "boxes" ("room_id", "item_id", "created_at", "updated_at") VALUES (?, ?, ?, ?)[0m  [["room_id", 8], ["item_id", 24], ["created_at", "2021-01-20 17:55:46.963811"], ["updated_at", "2021-01-20 17:55:46.963811"]]
  [1m[35m (1.0ms)[0m  [1m[36mcommit transaction[0m
  [1m[35m (0.2ms)[0m  [1m[36mbegin transaction[0m
  [1m[36mBox Create (4.5ms)[0m  [1m[32mINSERT INTO "boxes" ("room_id", "item_id", "created_at", "updated_at") VALUES (?, ?, ?, ?)[0m  [["room_id", 9], ["item_id", 25], ["created_at", "2021-01-20 17:55:46.983689"], ["updated_at", "2021-01-20 17:55:46.983689"]]
  [1m[35m (1.1ms)[0m  [1m[36mcommit transaction[0m
  [1m[35m (0.1ms)[0m  [1m[36mbegin transaction[0m
  [1m[36mBox Create (1.5ms)[0m  [1m[32mINSERT INTO "boxes" ("room_id", "item_id", "created_at", "updated_at") VALUES (?, ?, ?, ?)[0m  [["room_id", 9], ["item_id", 26], ["created_at", "2021-01-20 17:55:47.005726"], ["updated_at", "2021-01-20 17:55:47.005726"]]
  [1m[35m (1.5ms)[0m  [1m[36mcommit transaction[0m
  [1m[35m (0.1ms)[0m  [1m[36mbegin transaction[0m
  [1m[36mBox Create (0.9ms)[0m  [1m[32mINSERT INTO "boxes" ("room_id", "item_id", "created_at", "updated_at") VALUES (?, ?, ?, ?)[0m  [["room_id", 10], ["item_id", 27], ["created_at", "2021-01-20 17:55:47.022481"], ["updated_at", "2021-01-20 17:55:47.022481"]]
  [1m[35m (10.5ms)[0m  [1m[36mcommit transaction[0m
  [1m[35m (0.1ms)[0m  [1m[36mbegin transaction[0m
  [1m[36mBox Create (1.3ms)[0m  [1m[32mINSERT INTO "boxes" ("room_id", "item_id", "created_at", "updated_at") VALUES (?, ?, ?, ?)[0m  [["room_id", 10], ["item_id", 28], ["created_at", "2021-01-20 17:55:47.054311"], ["updated_at", "2021-01-20 17:55:47.054311"]]
  [1m[35m (1.1ms)[0m  [1m[36mcommit transaction[0m
  [1m[35m (1.4ms)[0m  [1m[34mSELECT sqlite_version(*)[0m
  [1m[36mBox Load (0.6ms)[0m  [1m[34mSELECT "boxes".* FROM "boxes" LIMIT ?[0m  [["LIMIT", 11]]
  [1m[35m (1.2ms)[0m  [1m[34mSELECT sqlite_version(*)[0m
  [1m[36mItem Load (0.5ms)[0m  [1m[34mSELECT "items".* FROM "items" ORDER BY "items"."id" ASC LIMIT ?[0m  [["LIMIT", 1]]
  [1m[36mItem Load (0.3ms)[0m  [1m[34mSELECT "items".* FROM "items" ORDER BY "items"."id" ASC LIMIT ?[0m  [["LIMIT", 1]]
  [1m[36mItem Load (0.3ms)[0m  [1m[34mSELECT "items".* FROM "items" ORDER BY "items"."id" ASC LIMIT ?[0m  [["LIMIT", 1]]
  [1m[36mRoom Load (0.5ms)[0m  [1m[34mSELECT "rooms".* FROM "rooms" ORDER BY "rooms"."id" ASC LIMIT ?[0m  [["LIMIT", 1]]
  [1m[36mRoom Load (0.4ms)[0m  [1m[34mSELECT "rooms".* FROM "rooms" ORDER BY "rooms"."id" ASC LIMIT ?[0m  [["LIMIT", 1]]
  [1m[36mItem Load (0.4ms)[0m  [1m[34mSELECT "items".* FROM "items" INNER JOIN "boxes" ON "items"."id" = "boxes"."item_id" WHERE "boxes"."room_id" = ? LIMIT ?[0m  [["room_id", 6], ["LIMIT", 11]]
